[23:47:12.359] [INFO ] [main] - Switching current session persona from [] to [test_restfulbooker]... (ParallelSession:switchPersona:148) 
[23:47:12.891] [WARN ] [main] - No listeners found for listener type [API_ACTION] in Boyka config... (DriverSession:getListener:129) 
[23:47:14.896] [INFO ] [main] - Request URL: https://restful-booker.herokuapp.com/booking (ApiActions:logRequest:227) 
[23:47:14.897] [INFO ] [main] - Request Header: Accept => application/json (ApiActions:lambda$logRequest$2:229) 
[23:47:14.897] [INFO ] [main] - Request Body: {
  "additionalneeds": "Breakfast",
  "bookingdates": {
    "checkin": "2023-10-05",
    "checkout": "2023-10-12"
  },
  "depositpaid": true,
  "firstname": "Lupe",
  "lastname": "Lind",
  "totalprice": 129
} (ApiActions:logRequest:233) 
[23:47:14.904] [INFO ] [main] - Request Curl: curl -X POST -H "Accept:application/json" -H "Content-Type:application/json; charset=utf-8" -d '{
  "additionalneeds": "Breakfast",
  "bookingdates": {
    "checkin": "2023-10-05",
    "checkout": "2023-10-12"
  },
  "depositpaid": true,
  "firstname": "Lupe",
  "lastname": "Lind",
  "totalprice": 129
}' "https://restful-booker.herokuapp.com/booking"  (ApiActions:logRequest:236) 
[23:47:14.905] [INFO ] [main] - Verifying Status Code (ApiResponse:verifyStatusCode:180) 
[23:47:14.918] [INFO ] [main] - Verifying text field for expression: bookingid (ApiResponse:verifyTextField:206) 
[23:47:14.918] [INFO ] [main] - Get response data for expression: bookingid (ApiResponse:getResponseData:82) 
[23:47:14.918] [INFO ] [main] - Get response data for expression: bookingid and type: class java.lang.String (ApiResponse:getResponseData:97) 
[23:47:14.967] [INFO ] [main] - Verifying text field for expression: booking.firstname (ApiResponse:verifyTextField:206) 
[23:47:14.967] [INFO ] [main] - Get response data for expression: booking.firstname (ApiResponse:getResponseData:82) 
[23:47:14.968] [INFO ] [main] - Get response data for expression: booking.firstname and type: class java.lang.String (ApiResponse:getResponseData:97) 
[23:47:14.968] [INFO ] [main] - Verifying text field for expression: booking.lastname (ApiResponse:verifyTextField:206) 
[23:47:14.968] [INFO ] [main] - Get response data for expression: booking.lastname (ApiResponse:getResponseData:82) 
[23:47:14.969] [INFO ] [main] - Get response data for expression: booking.lastname and type: class java.lang.String (ApiResponse:getResponseData:97) 
[23:47:14.969] [INFO ] [main] - Get response data for expression: bookingid (ApiResponse:getResponseData:82) 
[23:47:14.970] [INFO ] [main] - Get response data for expression: bookingid and type: class java.lang.String (ApiResponse:getResponseData:97) 
[23:47:14.974] [WARN ] [main] - No listeners found for listener type [API_ACTION] in Boyka config... (DriverSession:getListener:129) 
[23:47:16.136] [INFO ] [main] - Request URL: https://restful-booker.herokuapp.com/booking/2588 (ApiActions:logRequest:227) 
[23:47:16.137] [INFO ] [main] - Request Header: Accept => application/json (ApiActions:lambda$logRequest$2:229) 
[23:47:16.137] [INFO ] [main] - Request Body: {} (ApiActions:logRequest:233) 
[23:47:16.137] [INFO ] [main] - Request Curl: curl -X GET -H "Accept:application/json" "https://restful-booker.herokuapp.com/booking/2588"  (ApiActions:logRequest:236) 
[23:47:16.138] [INFO ] [main] - Verifying Status Code (ApiResponse:verifyStatusCode:180) 
[23:47:16.138] [INFO ] [main] - Verifying text field for expression: firstname (ApiResponse:verifyTextField:206) 
[23:47:16.138] [INFO ] [main] - Get response data for expression: firstname (ApiResponse:getResponseData:82) 
[23:47:16.139] [INFO ] [main] - Get response data for expression: firstname and type: class java.lang.String (ApiResponse:getResponseData:97) 
[23:47:16.139] [INFO ] [main] - Verifying text field for expression: lastname (ApiResponse:verifyTextField:206) 
[23:47:16.139] [INFO ] [main] - Get response data for expression: lastname (ApiResponse:getResponseData:82) 
[23:47:16.140] [INFO ] [main] - Get response data for expression: lastname and type: class java.lang.String (ApiResponse:getResponseData:97) 
[23:47:16.142] [WARN ] [main] - No listeners found for listener type [API_ACTION] in Boyka config... (DriverSession:getListener:129) 
[23:47:17.398] [INFO ] [main] - Request URL: https://restful-booker.herokuapp.com/auth (ApiActions:logRequest:227) 
[23:47:17.398] [INFO ] [main] - Request Header: Accept => application/json (ApiActions:lambda$logRequest$2:229) 
[23:47:17.399] [INFO ] [main] - Request Body: {
  "password": "password123",
  "username": "admin"
} (ApiActions:logRequest:233) 
[23:47:17.399] [INFO ] [main] - Request Curl: curl -X POST -H "Accept:application/json" -H "Content-Type:application/json; charset=utf-8" -d '{
  "password": "password123",
  "username": "admin"
}' "https://restful-booker.herokuapp.com/auth"  (ApiActions:logRequest:236) 
[23:47:17.400] [INFO ] [main] - Get response data for expression: token (ApiResponse:getResponseData:82) 
[23:47:17.400] [INFO ] [main] - Get response data for expression: token and type: class java.lang.String (ApiResponse:getResponseData:97) 
[23:47:17.400] [WARN ] [main] - No listeners found for listener type [API_ACTION] in Boyka config... (DriverSession:getListener:129) 
[23:47:18.614] [INFO ] [main] - Request URL: https://restful-booker.herokuapp.com/booking/2588 (ApiActions:logRequest:227) 
[23:47:18.614] [INFO ] [main] - Request Header: Cookie => token=7fda9fd29dbe955 (ApiActions:lambda$logRequest$2:229) 
[23:47:18.614] [INFO ] [main] - Request Header: Accept => application/json (ApiActions:lambda$logRequest$2:229) 
[23:47:18.615] [INFO ] [main] - Request Body: {
  "additionalneeds": "Breakfast",
  "bookingdates": {
    "checkin": "2023-09-25",
    "checkout": "2023-10-15"
  },
  "depositpaid": true,
  "firstname": "Fatima",
  "lastname": "Cremin",
  "totalprice": 320
} (ApiActions:logRequest:233) 
[23:47:18.615] [INFO ] [main] - Request Curl: curl -X PUT -H "Accept:application/json" -H "Cookie:token=7fda9fd29dbe955" -H "Content-Type:application/json; charset=utf-8" -d '{
  "additionalneeds": "Breakfast",
  "bookingdates": {
    "checkin": "2023-09-25",
    "checkout": "2023-10-15"
  },
  "depositpaid": true,
  "firstname": "Fatima",
  "lastname": "Cremin",
  "totalprice": 320
}' "https://restful-booker.herokuapp.com/booking/2588"  (ApiActions:logRequest:236) 
[23:47:18.616] [INFO ] [main] - Verifying Status Code (ApiResponse:verifyStatusCode:180) 
[23:47:18.616] [INFO ] [main] - Verifying text field for expression: firstname (ApiResponse:verifyTextField:206) 
[23:47:18.616] [INFO ] [main] - Get response data for expression: firstname (ApiResponse:getResponseData:82) 
[23:47:18.617] [INFO ] [main] - Get response data for expression: firstname and type: class java.lang.String (ApiResponse:getResponseData:97) 
[23:47:18.617] [INFO ] [main] - Verifying text field for expression: lastname (ApiResponse:verifyTextField:206) 
[23:47:18.617] [INFO ] [main] - Get response data for expression: lastname (ApiResponse:getResponseData:82) 
[23:47:18.618] [INFO ] [main] - Get response data for expression: lastname and type: class java.lang.String (ApiResponse:getResponseData:97) 
[23:47:18.619] [WARN ] [main] - No listeners found for listener type [API_ACTION] in Boyka config... (DriverSession:getListener:129) 
[23:47:19.765] [INFO ] [main] - Request URL: https://restful-booker.herokuapp.com/auth (ApiActions:logRequest:227) 
[23:47:19.765] [INFO ] [main] - Request Header: Accept => application/json (ApiActions:lambda$logRequest$2:229) 
[23:47:19.765] [INFO ] [main] - Request Body: {
  "password": "password123",
  "username": "admin"
} (ApiActions:logRequest:233) 
[23:47:19.766] [INFO ] [main] - Request Curl: curl -X POST -H "Accept:application/json" -H "Content-Type:application/json; charset=utf-8" -d '{
  "password": "password123",
  "username": "admin"
}' "https://restful-booker.herokuapp.com/auth"  (ApiActions:logRequest:236) 
[23:47:19.766] [INFO ] [main] - Get response data for expression: token (ApiResponse:getResponseData:82) 
[23:47:19.767] [INFO ] [main] - Get response data for expression: token and type: class java.lang.String (ApiResponse:getResponseData:97) 
[23:47:19.767] [WARN ] [main] - No listeners found for listener type [API_ACTION] in Boyka config... (DriverSession:getListener:129) 
[23:47:20.957] [INFO ] [main] - Request URL: https://restful-booker.herokuapp.com/booking/2588 (ApiActions:logRequest:227) 
[23:47:20.958] [INFO ] [main] - Request Header: Cookie => token=c44c5fdc0d626d3 (ApiActions:lambda$logRequest$2:229) 
[23:47:20.958] [INFO ] [main] - Request Header: Accept => application/json (ApiActions:lambda$logRequest$2:229) 
[23:47:20.959] [INFO ] [main] - Request Body: {
  "firstname": "Shana",
  "totalprice": 736
} (ApiActions:logRequest:233) 
[23:47:20.959] [INFO ] [main] - Request Curl: curl -X PATCH -H "Accept:application/json" -H "Cookie:token=c44c5fdc0d626d3" -H "Content-Type:application/json; charset=utf-8" -d '{
  "firstname": "Shana",
  "totalprice": 736
}' "https://restful-booker.herokuapp.com/booking/2588"  (ApiActions:logRequest:236) 
[23:47:20.959] [INFO ] [main] - Verifying Status Code (ApiResponse:verifyStatusCode:180) 
[23:47:20.960] [INFO ] [main] - Verifying text field for expression: firstname (ApiResponse:verifyTextField:206) 
[23:47:20.960] [INFO ] [main] - Get response data for expression: firstname (ApiResponse:getResponseData:82) 
[23:47:20.960] [INFO ] [main] - Get response data for expression: firstname and type: class java.lang.String (ApiResponse:getResponseData:97) 
[23:47:20.961] [INFO ] [main] - Verifying integer field for expression: totalprice (ApiResponse:verifyIntField:141) 
[23:47:20.961] [INFO ] [main] - Get response data for expression: totalprice and type: class java.lang.Integer (ApiResponse:getResponseData:97) 
[23:47:20.962] [WARN ] [main] - No listeners found for listener type [API_ACTION] in Boyka config... (DriverSession:getListener:129) 
[23:47:22.197] [INFO ] [main] - Request URL: https://restful-booker.herokuapp.com/auth (ApiActions:logRequest:227) 
[23:47:22.198] [INFO ] [main] - Request Header: Accept => application/json (ApiActions:lambda$logRequest$2:229) 
[23:47:22.198] [INFO ] [main] - Request Body: {
  "password": "password123",
  "username": "admin"
} (ApiActions:logRequest:233) 
[23:47:22.199] [INFO ] [main] - Request Curl: curl -X POST -H "Accept:application/json" -H "Content-Type:application/json; charset=utf-8" -d '{
  "password": "password123",
  "username": "admin"
}' "https://restful-booker.herokuapp.com/auth"  (ApiActions:logRequest:236) 
[23:47:22.199] [INFO ] [main] - Get response data for expression: token (ApiResponse:getResponseData:82) 
[23:47:22.199] [INFO ] [main] - Get response data for expression: token and type: class java.lang.String (ApiResponse:getResponseData:97) 
[23:47:22.200] [WARN ] [main] - No listeners found for listener type [API_ACTION] in Boyka config... (DriverSession:getListener:129) 
[23:47:23.303] [INFO ] [main] - Request URL: https://restful-booker.herokuapp.com/booking/2588 (ApiActions:logRequest:227) 
[23:47:23.304] [INFO ] [main] - Request Header: Cookie => token=aacfea96ba744c0 (ApiActions:lambda$logRequest$2:229) 
[23:47:23.304] [INFO ] [main] - Request Header: Content-Type => application/json (ApiActions:lambda$logRequest$2:229) 
[23:47:23.305] [INFO ] [main] - Request Curl: curl -X DELETE -H "Content-Type:application/json" -H "Cookie:token=aacfea96ba744c0" -d '' "https://restful-booker.herokuapp.com/booking/2588"  (ApiActions:logRequest:236) 
[23:47:23.305] [INFO ] [main] - Verifying Status Code (ApiResponse:verifyStatusCode:180) 
[23:47:23.307] [WARN ] [main] - No listeners found for listener type [API_ACTION] in Boyka config... (DriverSession:getListener:129) 
[23:47:24.461] [INFO ] [main] - Request URL: https://restful-booker.herokuapp.com/booking/2588 (ApiActions:logRequest:227) 
[23:47:24.462] [INFO ] [main] - Request Header: Accept => application/json (ApiActions:lambda$logRequest$2:229) 
[23:47:24.462] [INFO ] [main] - Request Body: {} (ApiActions:logRequest:233) 
[23:47:24.463] [INFO ] [main] - Request Curl: curl -X GET -H "Accept:application/json" "https://restful-booker.herokuapp.com/booking/2588"  (ApiActions:logRequest:236) 
[23:47:24.463] [INFO ] [main] - Verifying Status Code (ApiResponse:verifyStatusCode:180) 
[23:47:24.466] [INFO ] [main] - Clearing session for persona [test_restfulbooker]... (ParallelSession:clearSession:69) 
